#
# A fatal error has been detected by the Java Runtime Environment:
#
#  EXCEPTION_ACCESS_VIOLATION (0xc0000005) at pc=0x000000006ed059f3, pid=42556, tid=42032
#
# JRE version: Java(TM) SE Runtime Environment (7.0_67-b01) (build 1.7.0_67-b01)
# Java VM: Java HotSpot(TM) 64-Bit Server VM (24.65-b04 mixed mode windows-amd64 compressed oops)
# Problematic frame:
# V  [jvm.dll+0x3a59f3]
#
# Failed to write core dump. Minidumps are not enabled by default on client versions of Windows
#
# If you would like to submit a bug report, please visit:
#   http://bugreport.sun.com/bugreport/crash.jsp
#

---------------  T H R E A D  ---------------

Current thread (0x0000000002402800):  GCTaskThread [stack: 0x0000000005e50000,0x0000000005f50000] [id=42032]

siginfo: ExceptionCode=0xc0000005, reading address 0x00004000ed443520

Registers:
RAX=0x000000006ef26401, RBX=0x000000000dcb5e20, RCX=0x0000000005f4f640, RDX=0x00004000ed443520
RSP=0x0000000005f4f580, RBP=0x0000000000000199, RSI=0x0000000005f4f640, RDI=0x000000000dcb5e00
R8 =0x00000000eaa80000, R9 =0x000000006ef26238, R10=0x0000000005f4f050, R11=0x000000006ef26408
R12=0x0000000000000cc8, R13=0x00000000023fa800, R14=0x0000000002402c40, R15=0x0000000002402c50
RIP=0x000000006ed059f3, EFLAGS=0x0000000000010202

Top of Stack: (sp=0x0000000005f4f580)
0x0000000005f4f580:   0000000005f4f640 000000006eb7a380
0x0000000005f4f590:   00000000f911a1a0 000000006ed03c35
0x0000000005f4f5a0:   0000000000000000 000000006e9b0731
0x0000000005f4f5b0:   0000000000000002 000000006e9c3361
0x0000000005f4f5c0:   0000000000000000 00000000b59a5150
0x0000000005f4f5d0:   00000000023fcdd0 0000000008d05b90
0x0000000005f4f5e0:   0000000000000000 000000006e9c4a9e
0x0000000005f4f5f0:   0000000005f4f640 000000000d7117b0
0x0000000005f4f600:   000000006ef26250 0000000000000000
0x0000000005f4f610:   000000000d7117b0 000000006ed05dde
0x0000000005f4f620:   00000000023ad6c0 000000006eb366b2
0x0000000005f4f630:   0000000002402800 0000000000000000
0x0000000005f4f640:   000000006ef26408 000000006ed05f00
0x0000000005f4f650:   0000000000000000 0000000008d05b90
0x0000000005f4f660:   000000006ef26598 0000000008d05b00
0x0000000005f4f670:   0000000000000000 0000000008d05b90 

Instructions: (pc=0x000000006ed059f3)
0x000000006ed059d3:   83 ec 20 48 8b da 48 8b 12 48 85 d2 0f 84 89 00
0x000000006ed059e3:   00 00 48 3b 15 04 75 3b 00 0f 93 c0 84 c0 74 7b
0x000000006ed059f3:   48 8b 02 48 8b 49 18 24 03 3c 03 75 1f 48 8b 12
0x000000006ed05a03:   80 3d 64 37 35 00 00 74 0d 0f b6 c2 24 07 3c 05 


Register to memory mapping:

RAX=0x000000006ef26401 is an unknown value
RBX=0x000000000dcb5e20 is an unknown value
RCX=0x0000000005f4f640 is an unknown value
RDX=0x00004000ed443520 is an unknown value
RSP=0x0000000005f4f580 is an unknown value
RBP=0x0000000000000199 is an unknown value
RSI=0x0000000005f4f640 is an unknown value
RDI=0x000000000dcb5e00 is an unknown value
R8 =0x00000000eaa80000 is an oop
java.util.concurrent.SynchronousQueue$TransferStack$SNode 
 - klass: 'java/util/concurrent/SynchronousQueue$TransferStack$SNode'
R9 =0x000000006ef26238 is an unknown value
R10=0x0000000005f4f050 is an unknown value
R11=0x000000006ef26408 is an unknown value
R12=0x0000000000000cc8 is an unknown value
R13=0x00000000023fa800 is an unknown value
R14=0x0000000002402c40 is an unknown value
R15=0x0000000002402c50 is an unknown value


Stack: [0x0000000005e50000,0x0000000005f50000],  sp=0x0000000005f4f580,  free space=1021k
Native frames: (J=compiled Java code, j=interpreted, Vv=VM code, C=native code)
V  [jvm.dll+0x3a59f3]


---------------  P R O C E S S  ---------------

Java Threads: ( => current thread )
  0x000000000bae6800 JavaThread "Forward streams with process: command 'C:\Program Files\Java\jdk1.7.0_67\bin\java.exe' Thread 3" [_thread_blocked, id=44196, stack(0x000000000c7e0000,0x000000000c8e0000)]
  0x000000000badf000 JavaThread "Forward streams with process: command 'C:\Program Files\Java\jdk1.7.0_67\bin\java.exe' Thread 2" [_thread_in_native, id=44200, stack(0x0000000010090000,0x0000000010190000)]
  0x000000000badf800 JavaThread "Forward streams with process: command 'C:\Program Files\Java\jdk1.7.0_67\bin\java.exe'" [_thread_blocked, id=44164, stack(0x000000000ee90000,0x000000000ef90000)]
  0x000000000bae3800 JavaThread "DisconnectableInputStream source reader" daemon [_thread_blocked, id=44144, stack(0x000000000ec60000,0x000000000ed60000)]
  0x000000000bae2000 JavaThread "Run command 'C:\Program Files\Java\jdk1.7.0_67\bin\java.exe'" [_thread_in_native, id=44092, stack(0x000000000e520000,0x000000000e620000)]
  0x000000000bade000 JavaThread "pool-6-thread-4" [_thread_blocked, id=44824, stack(0x000000000eab0000,0x000000000ebb0000)]
  0x000000000bae6000 JavaThread "pool-6-thread-3" [_thread_blocked, id=44820, stack(0x000000000e930000,0x000000000ea30000)]
  0x000000000bae2800 JavaThread "pool-6-thread-2" [_thread_blocked, id=44816, stack(0x000000000e820000,0x000000000e920000)]
  0x000000000bae4000 JavaThread "pool-6-thread-1" [_thread_blocked, id=44812, stack(0x000000000e630000,0x000000000e730000)]
  0x000000000badd800 JavaThread "Stdin handler" [_thread_blocked, id=44792, stack(0x000000000e3f0000,0x000000000e4f0000)]
  0x000000000bad9800 JavaThread "Cancel handler" [_thread_blocked, id=44780, stack(0x000000000d1e0000,0x000000000d2e0000)]
  0x000000000bada800 JavaThread "Handler for socket connection from /127.0.0.1:59242 to /127.0.0.1:61321" [_thread_in_native, id=44776, stack(0x000000000ce80000,0x000000000cf80000)]
  0x000000000bad9000 JavaThread "Daemon worker Thread 4" [_thread_blocked, id=43280, stack(0x000000000d050000,0x000000000d150000)]
  0x000000000bad8000 JavaThread "Daemon Thread 4" [_thread_blocked, id=43360, stack(0x000000000cc90000,0x000000000cd90000)]
  0x000000000bd8e800 JavaThread "File lock request listener" [_thread_in_native, id=36364, stack(0x000000000d2e0000,0x000000000d3e0000)]
  0x000000000b325800 JavaThread "Incoming local TCP Connector on port 59242" [_thread_in_native, id=8676, stack(0x000000000ca60000,0x000000000cb60000)]
  0x0000000008d77000 JavaThread "Service Thread" daemon [_thread_blocked, id=42040, stack(0x000000000a830000,0x000000000a930000)]
  0x0000000008d75800 JavaThread "C2 CompilerThread1" daemon [_thread_blocked, id=7856, stack(0x000000000a700000,0x000000000a800000)]
  0x0000000008d70000 JavaThread "C2 CompilerThread0" daemon [_thread_blocked, id=35128, stack(0x000000000a0b0000,0x000000000a1b0000)]
  0x0000000008d6e800 JavaThread "Attach Listener" daemon [_thread_blocked, id=40876, stack(0x000000000a510000,0x000000000a610000)]
  0x0000000008d67800 JavaThread "Signal Dispatcher" daemon [_thread_blocked, id=36064, stack(0x000000000a320000,0x000000000a420000)]
  0x0000000008d0f000 JavaThread "Finalizer" daemon [_thread_blocked, id=40848, stack(0x000000000a1b0000,0x000000000a2b0000)]
  0x0000000008d0d800 JavaThread "Reference Handler" daemon [_thread_blocked, id=38756, stack(0x0000000009e20000,0x0000000009f20000)]
  0x00000000023ae000 JavaThread "main" [_thread_blocked, id=42524, stack(0x00000000024f0000,0x00000000025f0000)]

Other Threads:
  0x0000000008d08000 VMThread [stack: 0x0000000009f40000,0x000000000a040000] [id=39632]
  0x0000000008d8c000 WatcherThread [stack: 0x000000000aed0000,0x000000000afd0000] [id=42860]

=>0x0000000002402800 (exited) GCTaskThread [stack: 0x0000000005e50000,0x0000000005f50000] [id=42032]

VM state:at safepoint (normal execution)

VM Mutex/Monitor currently owned by a thread:  ([mutex/lock_event])
[0x00000000023ac4c0] Threads_lock - owner thread: 0x0000000008d08000
[0x00000000023ac9c0] Heap_lock - owner thread: 0x000000000bae3800

Heap
 PSYoungGen      total 276480K, used 224768K [0x00000000eaa80000, 0x00000000fec80000, 0x0000000100000000)
  eden space 224768K, 100% used [0x00000000eaa80000,0x00000000f8600000,0x00000000f8600000)
  from space 51712K, 0% used [0x00000000fb900000,0x00000000fb900000,0x00000000feb80000)
  to   space 52224K, 32% used [0x00000000f8600000,0x00000000f9680020,0x00000000fb900000)
 ParOldGen       total 130048K, used 63113K [0x00000000c0000000, 0x00000000c7f00000, 0x00000000eaa80000)
  object space 130048K, 48% used [0x00000000c0000000,0x00000000c3da2608,0x00000000c7f00000)
 PSPermGen       total 131072K, used 91806K [0x00000000b0000000, 0x00000000b8000000, 0x00000000c0000000)
  object space 131072K, 70% used [0x00000000b0000000,0x00000000b59a7a80,0x00000000b8000000)

Card table byte_map: [0x0000000005740000,0x00000000059d0000] byte_map_base: 0x00000000051c0000

Polling page: 0x0000000000230000

Code Cache  [0x0000000002680000, 0x0000000002dd0000, 0x0000000005680000)
 total_blobs=2449 nmethods=1813 adapters=587 free_code_cache=41767Kb largest_free_block=42665920

Compilation events (10 events):
Event: 2906.864 Thread 0x0000000008d75800 nmethod 2010 0x0000000002d8a690 code [0x0000000002d8a7e0, 0x0000000002d8a8f8]
Event: 2906.864 Thread 0x0000000008d75800 2011             com.sun.tools.javac.code.Types$17::apply (9 bytes)
Event: 2906.868 Thread 0x0000000008d75800 nmethod 2011 0x0000000002d8a190 code [0x0000000002d8a2e0, 0x0000000002d8a3f8]
Event: 2906.868 Thread 0x0000000008d75800 2012             com.sun.tools.javac.code.Symbol$MethodSymbol::binaryImplementation (93 bytes)
Event: 2906.892 Thread 0x0000000008d75800 nmethod 2012 0x0000000002dc0cd0 code [0x0000000002dc0f00, 0x0000000002dc17d0]
Event: 2906.907 Thread 0x0000000008d75800 2013             com.sun.tools.javac.jvm.Code::emit1 (67 bytes)
Event: 2906.911 Thread 0x0000000008d75800 nmethod 2013 0x0000000002d88d90 code [0x0000000002d88ee0, 0x0000000002d89198]
Event: 2906.963 Thread 0x0000000008d70000 nmethod 2005 0x0000000002dc6a90 code [0x0000000002dc70a0, 0x0000000002dc99c0]
Event: 2924.848 Thread 0x0000000008d75800 2014             java.io.ObjectStreamClass$FieldReflector::getObjFieldValues (99 bytes)
Event: 2924.852 Thread 0x0000000008d75800 nmethod 2014 0x0000000002d88750 code [0x0000000002d888a0, 0x0000000002d88ad8]

GC Heap History (10 events):
Event: 2328.474 GC heap after
Heap after GC invocations=14 (full 3):
 PSYoungGen      total 246784K, used 0K [0x00000000eaa80000, 0x0000000100000000, 0x0000000100000000)
  eden space 244224K, 0% used [0x00000000eaa80000,0x00000000eaa80000,0x00000000f9900000)
  from space 2560K, 0% used [0x00000000f9900000,0x00000000f9900000,0x00000000f9b80000)
  to   space 53248K, 0% used [0x00000000fcc00000,0x00000000fcc00000,0x0000000100000000)
 ParOldGen       total 130048K, used 32085K [0x00000000c0000000, 0x00000000c7f00000, 0x00000000eaa80000)
  object space 130048K, 24% used [0x00000000c0000000,0x00000000c1f555d8,0x00000000c7f00000)
 PSPermGen       total 114688K, used 63172K [0x00000000b0000000, 0x00000000b7000000, 0x00000000c0000000)
  object space 114688K, 55% used [0x00000000b0000000,0x00000000b3db10f0,0x00000000b7000000)
}
Event: 2369.854 GC heap before
{Heap before GC invocations=15 (full 3):
 PSYoungGen      total 246784K, used 244224K [0x00000000eaa80000, 0x0000000100000000, 0x0000000100000000)
  eden space 244224K, 100% used [0x00000000eaa80000,0x00000000f9900000,0x00000000f9900000)
  from space 2560K, 0% used [0x00000000f9900000,0x00000000f9900000,0x00000000f9b80000)
  to   space 53248K, 0% used [0x00000000fcc00000,0x00000000fcc00000,0x0000000100000000)
 ParOldGen       total 130048K, used 32085K [0x00000000c0000000, 0x00000000c7f00000, 0x00000000eaa80000)
  object space 130048K, 24% used [0x00000000c0000000,0x00000000c1f555d8,0x00000000c7f00000)
 PSPermGen       total 114688K, used 72261K [0x00000000b0000000, 0x00000000b7000000, 0x00000000c0000000)
  object space 114688K, 63% used [0x00000000b0000000,0x00000000b4691450,0x00000000b7000000)
Event: 2369.908 GC heap after
Heap after GC invocations=15 (full 3):
 PSYoungGen      total 279040K, used 29585K [0x00000000eaa80000, 0x00000000ff780000, 0x0000000100000000)
  eden space 234496K, 0% used [0x00000000eaa80000,0x00000000eaa80000,0x00000000f8f80000)
  from space 44544K, 66% used [0x00000000fcc00000,0x00000000fe8e4568,0x00000000ff780000)
  to   space 53248K, 0% used [0x00000000f8f80000,0x00000000f8f80000,0x00000000fc380000)
 ParOldGen       total 130048K, used 32085K [0x00000000c0000000, 0x00000000c7f00000, 0x00000000eaa80000)
  object space 130048K, 24% used [0x00000000c0000000,0x00000000c1f555d8,0x00000000c7f00000)
 PSPermGen       total 114688K, used 72261K [0x00000000b0000000, 0x00000000b7000000, 0x00000000c0000000)
  object space 114688K, 63% used [0x00000000b0000000,0x00000000b4691450,0x00000000b7000000)
}
Event: 2853.094 GC heap before
{Heap before GC invocations=16 (full 3):
 PSYoungGen      total 279040K, used 264081K [0x00000000eaa80000, 0x00000000ff780000, 0x0000000100000000)
  eden space 234496K, 100% used [0x00000000eaa80000,0x00000000f8f80000,0x00000000f8f80000)
  from space 44544K, 66% used [0x00000000fcc00000,0x00000000fe8e4568,0x00000000ff780000)
  to   space 53248K, 0% used [0x00000000f8f80000,0x00000000f8f80000,0x00000000fc380000)
 ParOldGen       total 130048K, used 32085K [0x00000000c0000000, 0x00000000c7f00000, 0x00000000eaa80000)
  object space 130048K, 24% used [0x00000000c0000000,0x00000000c1f555d8,0x00000000c7f00000)
 PSPermGen       total 114688K, used 81926K [0x00000000b0000000, 0x00000000b7000000, 0x00000000c0000000)
  object space 114688K, 71% used [0x00000000b0000000,0x00000000b50018a0,0x00000000b7000000)
Event: 2853.154 GC heap after
Heap after GC invocations=16 (full 3):
 PSYoungGen      total 251904K, used 26352K [0x00000000eaa80000, 0x00000000feb80000, 0x0000000100000000)
  eden space 225280K, 0% used [0x00000000eaa80000,0x00000000eaa80000,0x00000000f8680000)
  from space 26624K, 98% used [0x00000000f8f80000,0x00000000fa93c208,0x00000000fa980000)
  to   space 51712K, 0% used [0x00000000fb900000,0x00000000fb900000,0x00000000feb80000)
 ParOldGen       total 130048K, used 51925K [0x00000000c0000000, 0x00000000c7f00000, 0x00000000eaa80000)
  object space 130048K, 39% used [0x00000000c0000000,0x00000000c32b5458,0x00000000c7f00000)
 PSPermGen       total 114688K, used 81926K [0x00000000b0000000, 0x00000000b7000000, 0x00000000c0000000)
  object space 114688K, 71% used [0x00000000b0000000,0x00000000b50018a0,0x00000000b7000000)
}
Event: 2856.779 GC heap before
{Heap before GC invocations=17 (full 3):
 PSYoungGen      total 251904K, used 128446K [0x00000000eaa80000, 0x00000000feb80000, 0x0000000100000000)
  eden space 225280K, 45% used [0x00000000eaa80000,0x00000000f0e33778,0x00000000f8680000)
  from space 26624K, 98% used [0x00000000f8f80000,0x00000000fa93c208,0x00000000fa980000)
  to   space 51712K, 0% used [0x00000000fb900000,0x00000000fb900000,0x00000000feb80000)
 ParOldGen       total 130048K, used 51925K [0x00000000c0000000, 0x00000000c7f00000, 0x00000000eaa80000)
  object space 130048K, 39% used [0x00000000c0000000,0x00000000c32b5458,0x00000000c7f00000)
 PSPermGen       total 114688K, used 83088K [0x00000000b0000000, 0x00000000b7000000, 0x00000000c0000000)
  object space 114688K, 72% used [0x00000000b0000000,0x00000000b5124130,0x00000000b7000000)
Event: 2856.802 GC heap after
Heap after GC invocations=17 (full 3):
 PSYoungGen      total 276480K, used 2274K [0x00000000eaa80000, 0x00000000fec80000, 0x0000000100000000)
  eden space 224768K, 0% used [0x00000000eaa80000,0x00000000eaa80000,0x00000000f8600000)
  from space 51712K, 4% used [0x00000000fb900000,0x00000000fbb38ba0,0x00000000feb80000)
  to   space 52224K, 0% used [0x00000000f8600000,0x00000000f8600000,0x00000000fb900000)
 ParOldGen       total 130048K, used 67774K [0x00000000c0000000, 0x00000000c7f00000, 0x00000000eaa80000)
  object space 130048K, 52% used [0x00000000c0000000,0x00000000c422f9d0,0x00000000c7f00000)
 PSPermGen       total 114688K, used 83088K [0x00000000b0000000, 0x00000000b7000000, 0x00000000c0000000)
  object space 114688K, 72% used [0x00000000b0000000,0x00000000b5124130,0x00000000b7000000)
}
Event: 2856.802 GC heap before
{Heap before GC invocations=18 (full 4):
 PSYoungGen      total 276480K, used 2274K [0x00000000eaa80000, 0x00000000fec80000, 0x0000000100000000)
  eden space 224768K, 0% used [0x00000000eaa80000,0x00000000eaa80000,0x00000000f8600000)
  from space 51712K, 4% used [0x00000000fb900000,0x00000000fbb38ba0,0x00000000feb80000)
  to   space 52224K, 0% used [0x00000000f8600000,0x00000000f8600000,0x00000000fb900000)
 ParOldGen       total 130048K, used 67774K [0x00000000c0000000, 0x00000000c7f00000, 0x00000000eaa80000)
  object space 130048K, 52% used [0x00000000c0000000,0x00000000c422f9d0,0x00000000c7f00000)
 PSPermGen       total 114688K, used 83088K [0x00000000b0000000, 0x00000000b7000000, 0x00000000c0000000)
  object space 114688K, 72% used [0x00000000b0000000,0x00000000b5124130,0x00000000b7000000)
Event: 2857.696 GC heap after
Heap after GC invocations=18 (full 4):
 PSYoungGen      total 276480K, used 0K [0x00000000eaa80000, 0x00000000fec80000, 0x0000000100000000)
  eden space 224768K, 0% used [0x00000000eaa80000,0x00000000eaa80000,0x00000000f8600000)
  from space 51712K, 0% used [0x00000000fb900000,0x00000000fb900000,0x00000000feb80000)
  to   space 52224K, 0% used [0x00000000f8600000,0x00000000f8600000,0x00000000fb900000)
 ParOldGen       total 130048K, used 63113K [0x00000000c0000000, 0x00000000c7f00000, 0x00000000eaa80000)
  object space 130048K, 48% used [0x00000000c0000000,0x00000000c3da2608,0x00000000c7f00000)
 PSPermGen       total 131072K, used 83075K [0x00000000b0000000, 0x00000000b8000000, 0x00000000c0000000)
  object space 131072K, 63% used [0x00000000b0000000,0x00000000b5120f28,0x00000000b8000000)
}
Event: 2924.932 GC heap before
{Heap before GC invocations=19 (full 4):
 PSYoungGen      total 276480K, used 224768K [0x00000000eaa80000, 0x00000000fec80000, 0x0000000100000000)
  eden space 224768K, 100% used [0x00000000eaa80000,0x00000000f8600000,0x00000000f8600000)
  from space 51712K, 0% used [0x00000000fb900000,0x00000000fb900000,0x00000000feb80000)
  to   space 52224K, 0% used [0x00000000f8600000,0x00000000f8600000,0x00000000fb900000)
 ParOldGen       total 130048K, used 63113K [0x00000000c0000000, 0x00000000c7f00000, 0x00000000eaa80000)
  object space 130048K, 48% used [0x00000000c0000000,0x00000000c3da2608,0x00000000c7f00000)
 PSPermGen       total 131072K, used 91806K [0x00000000b0000000, 0x00000000b8000000, 0x00000000c0000000)
  object space 131072K, 70% used [0x00000000b0000000,0x00000000b59a7a80,0x00000000b8000000)

Deoptimization events (10 events):
Event: 2854.847 Thread 0x000000000bad9000 Uncommon trap: reason=class_check action=maybe_recompile pc=0x0000000002d3ed9c method=com.android.utils.XmlUtils.append(Ljava/lang/StringBuilder;Lorg/w3c/dom/Node;I)V @ 295
Event: 2855.309 Thread 0x000000000bad9000 Uncommon trap: reason=class_check action=maybe_recompile pc=0x0000000002d093a0 method=com.google.common.base.CharMatcher.indexIn(Ljava/lang/CharSequence;I)I @ 31
Event: 2855.309 Thread 0x000000000bad9000 Uncommon trap: reason=class_check action=maybe_recompile pc=0x0000000002d093a0 method=com.google.common.base.CharMatcher.indexIn(Ljava/lang/CharSequence;I)I @ 31
Event: 2855.309 Thread 0x000000000bad9000 Uncommon trap: reason=class_check action=maybe_recompile pc=0x0000000002d093a0 method=com.google.common.base.CharMatcher.indexIn(Ljava/lang/CharSequence;I)I @ 31
Event: 2855.425 Thread 0x000000000bad9000 Uncommon trap: reason=null_check action=make_not_entrant pc=0x0000000002d0f620 method=com.sun.org.apache.xerces.internal.dom.NamedNodeMapImpl.findNamePoint(Ljava/lang/String;Ljava/lang/String;)I @ 105
Event: 2855.475 Thread 0x000000000bad9000 Uncommon trap: reason=class_check action=maybe_recompile pc=0x0000000002d093a0 method=com.google.common.base.CharMatcher.indexIn(Ljava/lang/CharSequence;I)I @ 31
Event: 2856.418 Thread 0x000000000bad9000 Uncommon trap: reason=class_check action=maybe_recompile pc=0x00000000028e9ae0 method=java.lang.StringBuilder.append(Ljava/lang/CharSequence;)Ljava/lang/StringBuilder; @ 40
Event: 2856.418 Thread 0x000000000bad9000 Uncommon trap: reason=bimorphic action=maybe_recompile pc=0x0000000002a2ec24 method=java.lang.AbstractStringBuilder.append(Ljava/lang/CharSequence;II)Ljava/lang/AbstractStringBuilder; @ 18
Event: 2906.563 Thread 0x000000000bad9000 Uncommon trap: reason=array_check action=maybe_recompile pc=0x0000000002b8d184 method=java.util.ComparableTimSort.mergeHi(IIII)V @ 160
Event: 2907.028 Thread 0x000000000bae6000 Uncommon trap: reason=unreached action=reinterpret pc=0x0000000002901ba8 method=java.util.concurrent.locks.ReentrantLock$Sync.nonfairTryAcquire(I)Z @ 34

Internal exceptions (10 events):
Event: 2907.018 Thread 0x000000000bae4000 Threw 0x00000000f79386a0 at C:\re\jdk7u67\1368\hotspot\src\share\vm\classfile\systemDictionary.cpp:185
Event: 2907.018 Thread 0x000000000bae4000 Threw 0x00000000f793d368 at C:\re\jdk7u67\1368\hotspot\src\share\vm\prims\jvm.cpp:1244
Event: 2907.018 Thread 0x000000000bae4000 Threw 0x00000000f7941cc8 at C:\re\jdk7u67\1368\hotspot\src\share\vm\prims\jvm.cpp:1244
Event: 2907.018 Thread 0x000000000bae4000 Threw 0x00000000f7941f98 at C:\re\jdk7u67\1368\hotspot\src\share\vm\classfile\systemDictionary.cpp:185
Event: 2907.018 Thread 0x000000000bae4000 Threw 0x00000000f794aca8 at C:\re\jdk7u67\1368\hotspot\src\share\vm\prims\jvm.cpp:1244
Event: 2907.018 Thread 0x000000000bae4000 Threw 0x00000000f794f180 at C:\re\jdk7u67\1368\hotspot\src\share\vm\prims\jvm.cpp:1244
Event: 2907.018 Thread 0x000000000bae4000 Threw 0x00000000f794f448 at C:\re\jdk7u67\1368\hotspot\src\share\vm\classfile\systemDictionary.cpp:185
Event: 2907.036 Thread 0x000000000bae6000 Threw 0x00000000f79cfd58 at C:\re\jdk7u67\1368\hotspot\src\share\vm\prims\jvm.cpp:1244
Event: 2907.036 Thread 0x000000000bae6000 Threw 0x00000000f79d0ae8 at C:\re\jdk7u67\1368\hotspot\src\share\vm\prims\jvm.cpp:1244
Event: 2907.037 Thread 0x000000000bae6000 Threw 0x00000000f79db808 at C:\re\jdk7u67\1368\hotspot\src\share\vm\prims\jvm.cpp:1244

Events (10 events):
Event: 2924.818 Executing VM operation: BulkRevokeBias
Event: 2924.818 Executing VM operation: BulkRevokeBias done
Event: 2924.823 Thread 0x000000000c59e800 Thread exited: 0x000000000c59e800
Event: 2924.823 Thread 0x000000000bae2000 Thread exited: 0x000000000bae2000
Event: 2924.898 Thread 0x000000000bae2000 Thread added: 0x000000000bae2000
Event: 2924.911 Thread 0x000000000bae3800 Thread added: 0x000000000bae3800
Event: 2924.911 Thread 0x000000000badf800 Thread added: 0x000000000badf800
Event: 2924.911 Thread 0x000000000badf000 Thread added: 0x000000000badf000
Event: 2924.911 Thread 0x000000000bae6800 Thread added: 0x000000000bae6800
Event: 2924.930 Executing VM operation: ParallelGCFailedAllocation


Dynamic libraries:
0x000000013fd80000 - 0x000000013fdb3000 	C:\Program Files\Java\jdk1.7.0_67\bin\java.exe
0x0000000077440000 - 0x00000000775e9000 	C:\Windows\SYSTEM32\ntdll.dll
0x0000000077220000 - 0x000000007733f000 	C:\Windows\system32\kernel32.dll
0x000007fefd530000 - 0x000007fefd59c000 	C:\Windows\system32\KERNELBASE.dll
0x000007fefe120000 - 0x000007fefe1fb000 	C:\Windows\system32\ADVAPI32.dll
0x000007feff5e0000 - 0x000007feff67f000 	C:\Windows\system32\msvcrt.dll
0x000007fefe0a0000 - 0x000007fefe0bf000 	C:\Windows\SYSTEM32\sechost.dll
0x000007fefd5b0000 - 0x000007fefd6dd000 	C:\Windows\system32\RPCRT4.dll
0x0000000077340000 - 0x000000007743a000 	C:\Windows\system32\USER32.dll
0x000007fefe410000 - 0x000007fefe477000 	C:\Windows\system32\GDI32.dll
0x000007feff4f0000 - 0x000007feff4fe000 	C:\Windows\system32\LPK.dll
0x000007fefd9b0000 - 0x000007fefda79000 	C:\Windows\system32\USP10.dll
0x000007fefcc60000 - 0x000007fefce54000 	C:\Windows\WinSxS\amd64_microsoft.windows.common-controls_6595b64144ccf1df_6.0.7601.18837_none_fa3b1e3d17594757\COMCTL32.dll
0x000007fefdc90000 - 0x000007fefdd01000 	C:\Windows\system32\SHLWAPI.dll
0x000007feff680000 - 0x000007feff6ae000 	C:\Windows\system32\IMM32.DLL
0x000007fefdd30000 - 0x000007fefde39000 	C:\Windows\system32\MSCTF.dll
0x000007fefd120000 - 0x000007fefd151000 	C:\Windows\system32\nvinitx.dll
0x000000000f000000 - 0x000000000f006000 	C:\Program Files\NVIDIA Corporation\CoProcManager\detoured.dll
0x000007fef9840000 - 0x000007fef986d000 	C:\Program Files\NVIDIA Corporation\CoProcManager\nvd3d9wrapx.dll
0x000007feff310000 - 0x000007feff4e7000 	C:\Windows\system32\SETUPAPI.dll
0x000007fefd210000 - 0x000007fefd246000 	C:\Windows\system32\CFGMGR32.dll
0x000007feff500000 - 0x000007feff5d7000 	C:\Windows\system32\OLEAUT32.dll
0x000007fefda80000 - 0x000007fefdc83000 	C:\Windows\system32\ole32.dll
0x000007fefd4d0000 - 0x000007fefd4ea000 	C:\Windows\system32\DEVOBJ.dll
0x000007fef9770000 - 0x000007fef9792000 	C:\Program Files\NVIDIA Corporation\CoProcManager\nvdxgiwrapx.dll
0x000000005a6a0000 - 0x000000005a772000 	C:\Program Files\Java\jdk1.7.0_67\jre\bin\msvcr100.dll
0x000000006e960000 - 0x000000006f132000 	C:\Program Files\Java\jdk1.7.0_67\jre\bin\server\jvm.dll
0x000007fef8100000 - 0x000007fef8109000 	C:\Windows\system32\WSOCK32.dll
0x000007feff2c0000 - 0x000007feff30d000 	C:\Windows\system32\WS2_32.dll
0x000007fefe520000 - 0x000007fefe528000 	C:\Windows\system32\NSI.dll
0x000007fef9800000 - 0x000007fef983b000 	C:\Windows\system32\WINMM.dll
0x0000000077600000 - 0x0000000077607000 	C:\Windows\system32\PSAPI.DLL
0x0000000073830000 - 0x000000007383f000 	C:\Program Files\Java\jdk1.7.0_67\jre\bin\verify.dll
0x0000000073800000 - 0x0000000073828000 	C:\Program Files\Java\jdk1.7.0_67\jre\bin\java.dll
0x0000000062920000 - 0x0000000062935000 	C:\Program Files\Java\jdk1.7.0_67\jre\bin\zip.dll
0x00000000737e0000 - 0x00000000737f9000 	C:\Program Files\Java\jdk1.7.0_67\jre\bin\net.dll
0x000007fefc690000 - 0x000007fefc6e5000 	C:\Windows\system32\mswsock.dll
0x000007fefc680000 - 0x000007fefc687000 	C:\Windows\System32\wship6.dll
0x000000005aad0000 - 0x000000005aae1000 	C:\Program Files\Java\jdk1.7.0_67\jre\bin\nio.dll
0x000007fefc6f0000 - 0x000007fefc708000 	C:\Windows\system32\CRYPTSP.dll
0x000007fefc3f0000 - 0x000007fefc437000 	C:\Windows\system32\rsaenh.dll
0x000007fefd340000 - 0x000007fefd35e000 	C:\Windows\system32\USERENV.dll
0x000007fefd200000 - 0x000007fefd20f000 	C:\Windows\system32\profapi.dll
0x000007fefd050000 - 0x000007fefd05f000 	C:\Windows\system32\CRYPTBASE.dll
0x000007fefaba0000 - 0x000007fefabc7000 	C:\Windows\system32\IPHLPAPI.DLL
0x000007fefab90000 - 0x000007fefab9b000 	C:\Windows\system32\WINNSI.DLL
0x000007fefa980000 - 0x000007fefa998000 	C:\Windows\system32\dhcpcsvc.DLL
0x000007fefa9a0000 - 0x000007fefa9b1000 	C:\Windows\system32\dhcpcsvc6.DLL
0x000007feeed70000 - 0x000007feeed82000 	C:\Users\Sony\AppData\Local\Temp\native-platform2043778861876795216dir\native-platform.dll
0x000007fefcff0000 - 0x000007fefd047000 	C:\Windows\system32\apphelp.dll
0x000007fef38c0000 - 0x000007fef39e5000 	C:\Windows\system32\dbghelp.dll

VM Arguments:
jvm_args: -XX:MaxPermSize=256m -XX:+HeapDumpOnOutOfMemoryError -Xmx1024m -Dfile.encoding=windows-1252 -Duser.country=US -Duser.language=en -Duser.variant 
java_command: org.gradle.launcher.daemon.bootstrap.GradleDaemon 2.2.1 C:\Users\Sony\.gradle\daemon 10800000 68a7249f-054c-48c0-b8df-1b1d0590b78f -XX:MaxPermSize=256m -XX:+HeapDumpOnOutOfMemoryError -Xmx1024m -Dfile.encoding=windows-1252 -Duser.country=US -Duser.language=en -Duser.variant
Launcher Type: SUN_STANDARD

Environment Variables:
PATH=C:\Program Files\Common Files\Microsoft Shared\Windows Live;C:\Program Files (x86)\Common Files\Microsoft Shared\Windows Live;C:\Program Files (x86)\NVIDIA Corporation\PhysX\Common;C:\Windows\system32;C:\Windows;C:\Windows\System32\Wbem;C:\Windows\System32\WindowsPowerShell\v1.0\;C:\Program Files\Intel\WiFi\bin\;C:\Program Files\Common Files\Intel\WirelessCommon\;C:\Program Files (x86)\Intel\OpenCL SDK\2.0\bin\x86;C:\Program Files (x86)\Intel\OpenCL SDK\2.0\bin\x64;C:\Program Files\MATLAB\R2012b\runtime\win64;C:\Program Files\MATLAB\R2012b\bin;C:\Program Files (x86)\Windows Live\Shared;C:\OrCAD\OrCAD_16.6_Lite\tools\pcb\bin;C:\OrCAD\OrCAD_16.6_Lite\tools\fet\bin;C:\OrCAD\OrCAD_16.6_Lite\OpenAccess\bin\win32\opt;C:\OrCAD\OrCAD_16.6_Lite\tools\bin;C:\OrCAD\OrCAD_16.6_Lite\tools\Capture;C:\OrCAD\OrCAD_16.6_Lite\tools\PSpice;C:\Program Files\Intel\WiFi\bin\;C:\Program Files\Common Files\Intel\WirelessCommon\
USERNAME=Sony
OS=Windows_NT
PROCESSOR_IDENTIFIER=Intel64 Family 6 Model 58 Stepping 9, GenuineIntel



---------------  S Y S T E M  ---------------

OS: Windows 7 , 64 bit Build 7601 Service Pack 1

CPU:total 4 (2 cores per cpu, 2 threads per core) family 6 model 58 stepping 9, cmov, cx8, fxsr, mmx, sse, sse2, sse3, ssse3, sse4.1, sse4.2, popcnt, avx, aes, erms, ht, tsc, tscinvbit, tscinv

Memory: 4k page, physical 12479772k(3030876k free), swap 13526512k(2555908k free)

vm_info: Java HotSpot(TM) 64-Bit Server VM (24.65-b04) for windows-amd64 JRE (1.7.0_67-b01), built on Jul 25 2014 08:55:00 by "java_re" with unknown MS VC++:1600

time: Tue Aug 11 01:05:20 2015
elapsed time: 2925 seconds

